<?xml version="1.0" encoding="utf-8"?><testsuites name="pytest tests"><testsuite name="pytest" errors="0" failures="1" skipped="0" tests="15" time="6.065" timestamp="2026-03-17T10:46:15.158464+00:00" hostname="agent-env-d03d13a3-adbf-401f-8289-aa47dadd7047"><testcase classname="backend.tests.test_kathodik_api.TestHealthAndRoot" name="test_root_endpoint" time="0.212" /><testcase classname="backend.tests.test_kathodik_api.TestChatAPI" name="test_chat_send_message" time="0.967"><failure message="AssertionError: Chat API failed: {&quot;detail&quot;:&quot;Failed to generate chat completion: litellm.BadRequestError: OpenAIException - Budget has been exceeded! Current cost: 0.004560000000000001, Max budget: 0.001&quot;}&#10;assert 500 == 200&#10; +  where 500 = &lt;Response [500]&gt;.status_code">backend/tests/test_kathodik_api.py:35: in test_chat_send_message
    assert response.status_code == 200, f"Chat API failed: {response.text}"
E   AssertionError: Chat API failed: {"detail":"Failed to generate chat completion: litellm.BadRequestError: OpenAIException - Budget has been exceeded! Current cost: 0.004560000000000001, Max budget: 0.001"}
E   assert 500 == 200
E    +  where 500 = &lt;Response [500]&gt;.status_code</failure></testcase><testcase classname="backend.tests.test_kathodik_api.TestChatAPI" name="test_chat_get_history" time="1.257" /><testcase classname="backend.tests.test_kathodik_api.TestChatAPI" name="test_chat_clear_history" time="0.936" /><testcase classname="backend.tests.test_kathodik_api.TestContactAPI" name="test_contact_form_submit" time="0.106" /><testcase classname="backend.tests.test_kathodik_api.TestContactAPI" name="test_contact_form_validation" time="0.136" /><testcase classname="backend.tests.test_kathodik_api.TestContactAPI" name="test_contact_form_required_fields" time="0.110" /><testcase classname="backend.tests.test_kathodik_api.TestAuthAPI" name="test_register_user" time="0.358" /><testcase classname="backend.tests.test_kathodik_api.TestAuthAPI" name="test_register_duplicate_email" time="0.270" /><testcase classname="backend.tests.test_kathodik_api.TestAuthAPI" name="test_login_user" time="0.659" /><testcase classname="backend.tests.test_kathodik_api.TestAuthAPI" name="test_login_invalid_credentials" time="0.125" /><testcase classname="backend.tests.test_kathodik_api.TestAuthAPI" name="test_get_me_authenticated" time="0.439" /><testcase classname="backend.tests.test_kathodik_api.TestAuthAPI" name="test_get_me_unauthenticated" time="0.132" /><testcase classname="backend.tests.test_kathodik_api.TestStatusAPI" name="test_create_status" time="0.124" /><testcase classname="backend.tests.test_kathodik_api.TestStatusAPI" name="test_get_status_list" time="0.103" /></testsuite></testsuites>